<?xml version="1.0" encoding="UTF-8"?>
<testng-results ignored="3" total="4" passed="1" failed="0" skipped="0">
  <reporter-output>
  </reporter-output>
  <suite started-at="2022-11-19T21:24:07 IST" name="Default suite" finished-at="2022-11-19T21:24:07 IST" duration-ms="75">
    <groups>
    </groups>
    <test started-at="2022-11-19T21:24:07 IST" name="Default test" finished-at="2022-11-19T21:24:07 IST" duration-ms="75">
      <class name="webServices.Automation_ApiTesting">
        <test-method signature="deletemethod()[pri:0, instance:webServices.Automation_ApiTesting@63a65a25]" started-at="2022-11-19T21:24:07 IST" name="deletemethod" finished-at="2022-11-19T21:24:07 IST" duration-ms="30" status="PASS">
          <reporter-output>
          </reporter-output>
        </test-method> <!-- deletemethod -->
      </class> <!-- webServices.Automation_ApiTesting -->
    </test> <!-- Default test -->
  </suite> <!-- Default suite -->
</testng-results>
