<?xml version="1.0" encoding="UTF-8"?>
<!-- Generated by org.testng.reporters.JUnitXMLReporter -->
<testsuite ignored="3" hostname="DESKTOP-GJ6D9AP" failures="0" tests="1" name="Default test" time="0.075" errors="0" timestamp="2022-11-19T21:24:07 IST">
  <testcase classname="webServices.Automation_ApiTesting" name="deletemethod" time="0.03"/>
  <testcase classname="webServices.Automation_ApiTesting" name="putmethod" time="0.0">
    <ignored/>
  </testcase> <!-- putmethod -->
  <testcase classname="webServices.Automation_ApiTesting" name="postmethod" time="0.0">
    <ignored/>
  </testcase> <!-- postmethod -->
  <testcase classname="webServices.Automation_ApiTesting" name="getmethod" time="0.0">
    <ignored/>
  </testcase> <!-- getmethod -->
</testsuite> <!-- Default test -->
